<?xml version="1.0" encoding="UTF-8"?>
<testsuite name="com.unigrid.theme.ColorTest" tests="5" skipped="0" failures="0" errors="0" timestamp="2026-04-02T18:53:20" hostname="HERMES" time="0.104">
  <properties/>
  <testcase name="darkColorSchemeHasCorrectBackground[desktop]" classname="com.unigrid.theme.ColorTest" time="0.101"/>
  <testcase name="unigridRedMatchesCssValue[desktop]" classname="com.unigrid.theme.ColorTest" time="0.0"/>
  <testcase name="unigridBlackMatchesCssValue[desktop]" classname="com.unigrid.theme.ColorTest" time="0.0"/>
  <testcase name="lightColorSchemeHasCorrectPrimary[desktop]" classname="com.unigrid.theme.ColorTest" time="0.0"/>
  <testcase name="unigridWarmGrayMatchesCssValue[desktop]" classname="com.unigrid.theme.ColorTest" time="0.0"/>
  <system-out><![CDATA[]]></system-out>
  <system-err><![CDATA[]]></system-err>
</testsuite>
