<?xml version="1.0" encoding="UTF-8"?>
<testsuite name="com.unigrid.theme.SpacingTest" tests="3" skipped="0" failures="0" errors="0" timestamp="2026-04-02T18:53:20" hostname="HERMES" time="0.004">
  <properties/>
  <testcase name="level3IsOneLeading[desktop]" classname="com.unigrid.theme.SpacingTest" time="0.003"/>
  <testcase name="level0IsZero[desktop]" classname="com.unigrid.theme.SpacingTest" time="0.0"/>
  <testcase name="level8IsSixTimesLeading[desktop]" classname="com.unigrid.theme.SpacingTest" time="0.0"/>
  <system-out><![CDATA[]]></system-out>
  <system-err><![CDATA[]]></system-err>
</testsuite>
